SF:lib/core/bitcoin_address.dart
DA:4,0
DA:6,0
DA:7,0
DA:8,0
DA:11,0
DA:12,0
DA:13,0
DA:16,0
DA:17,0
DA:18,0
DA:21,0
DA:22,0
DA:25,0
DA:26,0
DA:29,0
DA:30,0
DA:33,0
DA:34,0
DA:37,0
DA:38,0
DA:41,0
DA:42,0
DA:45,0
DA:46,0
LF:24
LH:0
end_of_record
SF:lib/core/fio_account.dart
DA:4,0
DA:6,0
DA:7,0
DA:8,0
DA:11,0
DA:12,0
DA:15,0
DA:16,0
LF:8
LH:0
end_of_record
SF:lib/core/coin_type_configuration.dart
DA:6,0
DA:7,0
DA:10,0
DA:11,0
DA:14,0
DA:15,0
DA:18,0
DA:19,0
DA:22,0
DA:23,0
DA:26,0
DA:27,0
DA:30,0
DA:31,0
LF:14
LH:0
end_of_record
SF:lib/flutter_trust_wallet_core.dart
DA:37,1
DA:38,2
LF:2
LH:2
end_of_record
SF:lib/core/segwit_address.dart
DA:4,0
DA:6,0
DA:7,0
DA:8,0
DA:11,0
DA:12,0
DA:13,0
DA:16,0
DA:17,0
DA:20,0
DA:21,0
DA:24,0
DA:25,0
DA:28,0
DA:29,0
DA:32,0
DA:33,0
DA:36,0
DA:37,0
LF:19
LH:0
end_of_record
SF:lib/core/solana_address.dart
DA:4,0
DA:6,0
DA:7,0
DA:8,0
DA:11,0
DA:12,0
DA:15,0
DA:16,0
DA:19,0
DA:20,0
LF:10
LH:0
end_of_record
SF:lib/core/bitcoin_script.dart
DA:6,0
DA:7,0
DA:10,0
DA:11,0
DA:12,0
DA:15,0
DA:16,0
DA:17,0
DA:20,0
DA:21,0
DA:22,0
DA:25,0
DA:26,0
DA:29,0
DA:30,0
DA:33,0
DA:34,0
DA:37,0
DA:38,0
DA:41,0
DA:42,0
DA:45,0
DA:46,0
DA:49,0
DA:50,0
DA:53,0
DA:54,0
DA:57,0
DA:58,0
DA:61,0
DA:62,0
DA:65,0
DA:66,0
DA:69,0
DA:70,0
DA:73,0
DA:74,0
DA:77,0
DA:78,0
DA:81,0
DA:82,0
DA:85,0
DA:86,0
DA:89,0
DA:90,0
DA:93,0
DA:94,0
DA:97,0
DA:98,0
DA:101,0
DA:102,0
DA:105,0
DA:106,0
DA:109,0
DA:110,0
LF:55
LH:0
end_of_record
SF:lib/core/stored_key.dart
DA:4,0
DA:6,0
DA:7,0
DA:8,0
DA:13,0
DA:16,0
DA:17,0
DA:18,0
DA:23,0
DA:26,0
DA:27,0
DA:31,0
DA:32,0
DA:35,0
DA:36,0
DA:42,0
DA:45,0
DA:46,0
DA:47,0
DA:53,0
DA:56,0
DA:57,0
DA:60,0
DA:61,0
DA:64,0
DA:65,0
DA:68,0
DA:69,0
DA:72,0
DA:73,0
DA:77,0
DA:78,0
DA:82,0
DA:83,0
DA:86,0
DA:87,0
DA:90,0
DA:91,0
DA:94,0
DA:95,0
DA:98,0
DA:99,0
DA:106,0
DA:107,0
DA:110,0
DA:111,0
DA:112,0
DA:115,0
DA:118,0
DA:119,0
DA:120,0
DA:121,0
DA:124,0
DA:127,0
DA:128,0
DA:129,0
LF:56
LH:0
end_of_record
SF:lib/core/mnemonic.dart
DA:4,0
DA:5,0
DA:8,0
DA:9,0
DA:12,0
DA:13,0
LF:6
LH:0
end_of_record
SF:lib/core/any_address.dart
DA:6,0
DA:7,0
DA:10,0
DA:12,0
DA:16,0
DA:18,0
DA:22,0
DA:23,0
DA:26,0
DA:27,0
LF:10
LH:0
end_of_record
SF:lib/core/hd_version.dart
DA:28,0
DA:29,0
DA:32,0
DA:33,0
LF:4
LH:0
end_of_record
SF:lib/core/ethereum_abi.dart
DA:7,0
DA:8,0
DA:11,0
DA:12,0
DA:15,0
DA:16,0
DA:19,0
DA:20,0
DA:23,0
DA:24,0
LF:10
LH:0
end_of_record
SF:lib/core/ethereum_abi_value.dart
DA:7,0
DA:8,0
DA:11,0
DA:12,0
DA:15,0
DA:16,0
DA:19,0
DA:20,0
DA:23,0
DA:24,0
DA:27,0
DA:28,0
DA:31,0
DA:32,0
DA:35,0
DA:36,0
DA:39,0
DA:40,0
DA:43,0
DA:44,0
DA:47,0
DA:48,0
DA:51,0
DA:52,0
DA:55,0
DA:56,0
LF:26
LH:0
end_of_record
SF:lib/core/hash.dart
DA:10,0
DA:11,0
DA:14,0
DA:15,0
DA:18,0
DA:19,0
DA:22,0
DA:23,0
DA:26,0
DA:27,0
DA:30,0
DA:31,0
DA:34,0
DA:35,0
DA:38,0
DA:39,0
DA:42,0
DA:43,0
DA:46,0
DA:47,0
DA:50,0
DA:51,0
DA:54,0
DA:55,0
DA:58,0
DA:59,0
DA:62,0
DA:63,0
DA:66,0
DA:67,0
DA:70,0
DA:71,0
DA:74,0
DA:75,0
DA:78,0
DA:79,0
DA:82,0
DA:83,0
DA:86,0
DA:87,0
LF:40
LH:0
end_of_record
SF:lib/core/private_key.dart
DA:9,0
DA:10,0
DA:13,0
DA:14,0
DA:17,0
DA:18,0
DA:19,0
DA:22,0
DA:23,0
DA:24,0
DA:27,0
DA:28,0
DA:29,0
DA:32,0
DA:33,0
DA:34,0
DA:37,0
DA:38,0
DA:39,0
DA:42,0
DA:43,0
DA:44,0
DA:45,0
DA:46,0
DA:50,0
DA:51,0
LF:26
LH:0
end_of_record
SF:lib/core/base58.dart
DA:4,0
DA:5,0
DA:8,0
DA:9,0
DA:12,0
DA:13,0
DA:16,0
DA:17,0
LF:8
LH:0
end_of_record
SF:lib/core/groestlcoin_address.dart
DA:4,0
DA:6,0
DA:7,0
DA:8,0
DA:11,0
DA:12,0
DA:13,0
DA:16,0
DA:17,0
DA:21,0
DA:22,0
DA:25,0
DA:26,0
DA:29,0
DA:30,0
LF:15
LH:0
end_of_record
SF:lib/core/ethereum_abi_function.dart
DA:7,0
DA:8,0
DA:11,0
DA:12,0
DA:13,0
DA:16,0
DA:17,0
DA:20,0
DA:21,0
DA:24,0
DA:25,0
DA:28,0
DA:29,0
DA:32,0
DA:33,0
DA:36,0
DA:37,0
DA:40,0
DA:41,0
DA:44,0
DA:45,0
DA:48,0
DA:49,0
DA:52,0
DA:53,0
DA:56,0
DA:57,0
DA:60,0
DA:61,0
DA:64,0
DA:65,0
DA:68,0
DA:69,0
DA:72,0
DA:73,0
DA:76,0
DA:77,0
DA:80,0
DA:81,0
DA:84,0
DA:85,0
DA:88,0
DA:89,0
DA:92,0
DA:93,0
DA:96,0
DA:97,0
DA:100,0
DA:101,0
DA:104,0
DA:105,0
DA:108,0
DA:109,0
DA:112,0
DA:113,0
DA:116,0
DA:117,0
DA:120,0
DA:121,0
DA:124,0
DA:125,0
DA:128,0
DA:129,0
DA:132,0
DA:133,0
DA:136,0
DA:137,0
DA:140,0
DA:141,0
DA:144,0
DA:145,0
DA:148,0
DA:149,0
DA:152,0
DA:153,0
DA:156,0
DA:157,0
DA:160,0
DA:161,0
DA:164,0
DA:165,0
DA:168,0
DA:169,0
DA:172,0
DA:173,0
DA:176,0
DA:177,0
DA:180,0
DA:181,0
LF:89
LH:0
end_of_record
SF:lib/core/any_signer.dart
DA:4,0
DA:5,0
DA:8,0
DA:9,0
DA:12,0
DA:13,0
DA:16,0
DA:17,0
LF:8
LH:0
end_of_record
SF:lib/core/hd_wallet.dart
DA:6,0
DA:7,0
DA:10,0
DA:11,0
DA:12,0
DA:15,0
DA:16,0
DA:17,0
DA:20,0
DA:21,0
DA:22,0
DA:25,0
DA:26,0
DA:29,0
DA:30,0
DA:31,0
DA:34,0
DA:35,0
DA:36,0
DA:39,0
DA:40,0
DA:41,0
DA:44,0
DA:45,0
DA:46,0
DA:49,0
DA:50,0
DA:53,0
DA:54,0
DA:57,0
DA:58,0
DA:61,0
DA:62,0
LF:33
LH:0
end_of_record
SF:lib/core/ripple_x_address.dart
DA:4,0
DA:6,0
DA:7,0
DA:8,0
DA:11,0
DA:12,0
DA:13,0
DA:16,0
DA:17,0
DA:20,0
DA:21,0
DA:24,0
DA:25,0
DA:28,0
DA:29,0
DA:32,0
DA:33,0
LF:17
LH:0
end_of_record
SF:lib/core/public_key.dart
DA:9,0
DA:10,0
DA:13,0
DA:14,0
DA:17,0
DA:18,0
DA:21,0
DA:22,0
DA:25,0
DA:26,0
DA:29,0
DA:30,0
DA:33,0
DA:34,0
DA:37,0
DA:38,0
DA:41,0
DA:42,0
DA:45,0
DA:46,0
DA:49,0
DA:50,0
DA:53,0
DA:54,0
DA:57,0
DA:58,0
LF:26
LH:0
end_of_record
SF:lib/dart_impl/tw_public_key_impl.dart
DA:4,0
DA:5,0
DA:7,0
DA:9,0
DA:14,0
DA:15,0
DA:20,0
DA:21,0
DA:23,0
DA:26,0
DA:27,0
DA:28,0
DA:29,0
DA:30,0
DA:33,0
DA:34,0
DA:38,0
DA:39,0
DA:42,0
DA:43,0
DA:46,0
DA:47,0
DA:50,0
DA:51,0
DA:54,0
DA:55,0
DA:58,0
DA:59,0
DA:62,0
DA:63,0
DA:64,0
DA:65,0
DA:66,0
DA:67,0
DA:71,0
DA:72,0
DA:73,0
DA:74,0
DA:75,0
DA:76,0
LF:40
LH:0
end_of_record
SF:lib/dart_impl/tw_mnemonic_impl.dart
DA:4,0
DA:5,0
DA:6,0
DA:7,0
DA:12,1
DA:13,1
DA:14,1
DA:15,0
DA:16,0
DA:21,0
DA:22,0
DA:23,0
DA:25,0
DA:27,0
LF:14
LH:3
end_of_record
SF:lib/dart_impl/tw_ripple_x_address_impl.dart
DA:5,0
DA:6,0
DA:7,0
DA:8,0
DA:12,0
DA:13,0
DA:17,0
DA:18,0
DA:22,0
DA:23,0
DA:24,0
DA:25,0
DA:29,0
DA:30,0
DA:33,0
DA:34,0
DA:37,0
DA:38,0
LF:18
LH:0
end_of_record
SF:lib/dart_impl/tw_ethereum_abi_impl.dart
DA:5,0
DA:6,0
DA:7,0
DA:10,0
DA:11,0
DA:12,0
DA:13,0
DA:17,0
DA:18,0
DA:19,0
DA:20,0
DA:21,0
DA:24,0
DA:25,0
DA:26,0
DA:29,0
DA:30,0
DA:31,0
DA:32,0
DA:34,0
LF:20
LH:0
end_of_record
SF:lib/ffi_impl/tw_aes.dart
DA:10,0
DA:16,0
DA:24,0
DA:25,0
DA:32,0
DA:38,0
DA:46,0
DA:47,0
DA:54,0
DA:59,0
DA:66,0
DA:67,0
DA:74,0
DA:79,0
DA:86,0
DA:87,0
LF:16
LH:0
end_of_record
SF:lib/ffi_impl/tw_ethereum_abi_function.dart
DA:6,0
DA:9,0
DA:14,0
DA:15,0
DA:16,0
DA:19,0
DA:22,0
DA:27,0
DA:28,0
DA:31,0
DA:34,0
DA:39,0
DA:40,0
DA:45,0
DA:50,0
DA:57,0
DA:58,0
DA:59,0
DA:61,0
DA:66,0
DA:73,0
DA:74,0
DA:75,0
DA:77,0
DA:82,0
DA:89,0
DA:90,0
DA:91,0
DA:93,0
DA:98,0
DA:105,0
DA:106,0
DA:107,0
DA:109,0
DA:114,0
DA:121,0
DA:122,0
DA:123,0
DA:125,0
DA:131,0
DA:139,0
DA:140,0
DA:141,0
DA:143,0
DA:148,0
DA:155,0
DA:156,0
DA:157,0
DA:159,0
DA:164,0
DA:171,0
DA:172,0
DA:173,0
DA:175,0
DA:180,0
DA:187,0
DA:188,0
DA:189,0
DA:191,0
DA:196,0
DA:203,0
DA:204,0
DA:205,0
DA:207,0
DA:212,0
DA:219,0
DA:220,0
DA:221,0
DA:223,0
DA:229,0
DA:237,0
DA:238,0
DA:239,0
DA:241,0
DA:246,0
DA:253,0
DA:254,0
DA:255,0
DA:257,0
DA:262,0
DA:269,0
DA:270,0
DA:271,0
DA:273,0
DA:278,0
DA:285,0
DA:286,0
DA:287,0
DA:289,0
DA:294,0
DA:301,0
DA:302,0
DA:303,0
DA:305,0
DA:311,0
DA:319,0
DA:320,0
DA:321,0
DA:323,0
DA:327,0
DA:333,0
DA:334,0
DA:335,0
DA:338,0
DA:343,0
DA:350,0
DA:351,0
DA:352,0
DA:354,0
DA:359,0
DA:366,0
DA:367,0
DA:368,0
DA:370,0
DA:375,0
DA:382,0
DA:383,0
DA:384,0
DA:386,0
DA:391,0
DA:398,0
DA:399,0
DA:400,0
DA:402,0
DA:407,0
DA:414,0
DA:415,0
DA:416,0
DA:418,0
DA:423,0
DA:430,0
DA:431,0
DA:432,0
DA:436,0
DA:441,0
DA:448,0
DA:449,0
DA:450,0
DA:452,0
DA:457,0
DA:464,0
DA:465,0
DA:466,0
DA:468,0
DA:473,0
DA:480,0
DA:481,0
DA:482,0
DA:484,0
DA:489,0
DA:496,0
DA:497,0
DA:498,0
DA:500,0
DA:505,0
DA:512,0
DA:513,0
DA:514,0
DA:515,0
DA:517,0
DA:523,0
DA:531,0
DA:532,0
DA:533,0
DA:535,0
DA:540,0
DA:547,0
DA:548,0
DA:549,0
DA:551,0
DA:556,0
DA:563,0
DA:564,0
DA:565,0
DA:567,0
DA:572,0
DA:579,0
DA:580,0
DA:581,0
DA:583,0
DA:588,0
DA:595,0
DA:596,0
DA:597,0
DA:599,0
DA:604,0
DA:611,0
DA:612,0
DA:613,0
DA:615,0
DA:621,0
DA:629,0
DA:630,0
DA:631,0
DA:633,0
DA:638,0
DA:645,0
DA:646,0
DA:647,0
DA:649,0
DA:654,0
DA:661,0
DA:662,0
DA:663,0
DA:665,0
DA:670,0
DA:677,0
DA:678,0
DA:679,0
DA:680,0
DA:682,0
DA:687,0
DA:694,0
DA:695,0
DA:696,0
DA:698,0
DA:704,0
DA:712,0
DA:713,0
DA:714,0
DA:715,0
LF:221
LH:0
end_of_record
SF:lib/dart_impl/tw_ethereum_abi_function_impl.dart
DA:6,0
DA:7,0
DA:8,0
DA:9,0
DA:13,0
DA:14,0
DA:17,0
DA:18,0
DA:21,0
DA:22,0
DA:25,0
DA:26,0
DA:29,0
DA:30,0
DA:33,0
DA:34,0
DA:35,0
DA:36,0
DA:40,0
DA:41,0
DA:42,0
DA:43,0
DA:47,0
DA:48,0
DA:51,0
DA:52,0
DA:55,0
DA:56,0
DA:59,0
DA:60,0
DA:61,0
DA:62,0
DA:66,0
DA:67,0
DA:68,0
DA:69,0
DA:73,0
DA:74,0
DA:77,0
DA:78,0
DA:79,0
DA:80,0
DA:84,0
DA:85,0
DA:86,0
DA:87,0
DA:91,0
DA:92,0
DA:93,0
DA:94,0
DA:99,0
DA:100,0
DA:101,0
DA:102,0
DA:106,0
DA:107,0
DA:110,0
DA:111,0
DA:114,0
DA:115,0
DA:118,0
DA:119,0
DA:122,0
DA:123,0
DA:126,0
DA:127,0
DA:130,0
DA:131,0
DA:132,0
DA:135,0
DA:136,0
DA:140,0
DA:141,0
DA:144,0
DA:145,0
DA:148,0
DA:149,0
DA:152,0
DA:153,0
DA:154,0
DA:155,0
DA:159,0
DA:160,0
DA:161,0
DA:162,0
DA:166,0
DA:167,0
DA:170,0
DA:171,0
DA:174,0
DA:175,0
DA:178,0
DA:179,0
DA:182,0
DA:183,0
DA:184,0
DA:185,0
DA:189,0
DA:190,0
DA:191,0
DA:192,0
DA:196,0
DA:197,0
DA:200,0
DA:201,0
DA:202,0
DA:203,0
DA:207,0
DA:208,0
DA:209,0
DA:210,0
DA:214,0
DA:215,0
DA:216,0
DA:217,0
DA:221,0
DA:222,0
DA:223,0
DA:224,0
DA:228,0
DA:229,0
LF:121
LH:0
end_of_record
SF:lib/dart_impl/tw_stored_key_impl.dart
DA:4,0
DA:5,0
DA:6,0
DA:7,0
DA:8,0
DA:9,0
DA:10,0
DA:11,0
DA:12,0
DA:18,0
DA:19,0
DA:20,0
DA:21,0
DA:23,0
DA:24,0
DA:25,0
DA:26,0
DA:27,0
DA:33,0
DA:34,0
DA:35,0
DA:36,0
DA:37,0
DA:43,0
DA:44,0
DA:45,0
DA:46,0
DA:47,0
DA:50,0
DA:53,0
DA:54,0
DA:56,0
DA:57,0
DA:58,0
DA:61,0
DA:64,0
DA:65,0
DA:66,0
DA:68,0
DA:72,0
DA:73,0
DA:74,0
DA:75,0
DA:79,0
DA:80,0
DA:83,0
DA:84,0
DA:85,0
DA:86,0
DA:87,0
DA:93,0
DA:94,0
DA:95,0
DA:98,0
DA:99,0
DA:100,0
DA:103,0
DA:105,0
DA:108,0
DA:109,0
DA:113,0
DA:114,0
DA:118,0
DA:119,0
DA:122,0
DA:124,0
DA:127,0
DA:128,0
DA:131,0
DA:132,0
DA:133,0
DA:134,0
DA:135,0
DA:137,0
DA:138,0
DA:139,0
DA:142,0
DA:143,0
DA:144,0
DA:145,0
DA:149,0
DA:150,0
DA:151,0
DA:152,0
DA:153,0
LF:85
LH:0
end_of_record
SF:lib/dart_impl/tw_solana_address_impl.dart
DA:5,0
DA:6,0
DA:7,0
DA:8,0
DA:12,0
DA:13,0
DA:16,0
DA:17,0
DA:20,0
DA:21,0
DA:22,0
DA:23,0
DA:26,0
DA:27,0
LF:14
LH:0
end_of_record
SF:lib/trust_wallet_core_ffi.dart
DA:116,1
DA:118,4
LF:2
LH:2
end_of_record
SF:lib/ffi_impl/tw_coin_type_configuration.dart
DA:5,0
DA:8,0
DA:13,0
DA:14,0
DA:15,0
DA:18,0
DA:21,0
DA:26,0
DA:27,0
DA:28,0
DA:31,0
DA:35,0
DA:41,0
DA:42,0
DA:43,0
DA:44,0
DA:47,0
DA:51,0
DA:57,0
DA:58,0
DA:59,0
DA:62,0
DA:65,0
DA:70,0
DA:71,0
DA:74,0
DA:77,0
DA:82,0
DA:83,0
LF:29
LH:0
end_of_record
SF:lib/ffi_impl/tw_hash.dart
DA:10,0
DA:13,0
DA:18,0
DA:19,0
DA:21,0
DA:24,0
DA:29,0
DA:30,0
DA:32,0
DA:35,0
DA:40,0
DA:41,0
DA:43,0
DA:46,0
DA:51,0
DA:52,0
DA:54,0
DA:57,0
DA:62,0
DA:63,0
DA:65,0
DA:68,0
DA:73,0
DA:74,0
DA:76,0
DA:79,0
DA:84,0
DA:85,0
DA:87,0
DA:90,0
DA:95,0
DA:96,0
DA:98,0
DA:101,0
DA:106,0
DA:107,0
DA:109,0
DA:112,0
DA:117,0
DA:118,0
DA:120,0
DA:124,0
DA:130,0
DA:131,0
DA:133,0
DA:136,0
DA:141,0
DA:142,0
DA:144,0
DA:148,0
DA:154,0
DA:155,0
DA:157,0
DA:160,0
DA:165,0
DA:166,0
DA:168,0
DA:171,0
DA:176,0
DA:177,0
DA:179,0
DA:182,0
DA:187,0
DA:188,0
DA:190,0
DA:193,0
DA:198,0
DA:199,0
DA:201,0
DA:204,0
DA:209,0
DA:210,0
DA:212,0
DA:215,0
DA:220,0
DA:221,0
DA:223,0
DA:226,0
DA:231,0
DA:232,0
LF:80
LH:0
end_of_record
SF:lib/dart_impl/tw_fio_account_impl.dart
DA:5,0
DA:6,0
DA:7,0
DA:8,0
DA:12,0
DA:13,0
DA:16,0
DA:17,0
LF:8
LH:0
end_of_record
SF:lib/dart_impl/tw_coin_type_configuration_impl.dart
DA:5,0
DA:6,0
DA:9,0
DA:10,0
DA:13,0
DA:14,0
DA:15,0
DA:16,0
DA:17,0
DA:20,0
DA:21,0
DA:22,0
DA:23,0
DA:24,0
DA:27,0
DA:28,0
DA:31,0
DA:32,0
LF:18
LH:0
end_of_record
SF:lib/dart_impl/tw_hash_impl.dart
DA:5,0
DA:6,0
DA:7,0
DA:8,0
DA:9,0
DA:12,0
DA:13,0
DA:14,0
DA:15,0
DA:16,0
DA:19,0
DA:20,0
DA:21,0
DA:22,0
DA:23,0
DA:26,0
DA:27,0
DA:28,0
DA:29,0
DA:30,0
DA:33,0
DA:34,0
DA:35,0
DA:36,0
DA:37,0
DA:40,0
DA:41,0
DA:42,0
DA:43,0
DA:44,0
DA:47,0
DA:48,0
DA:49,0
DA:50,0
DA:51,0
DA:54,0
DA:55,0
DA:56,0
DA:57,0
DA:58,0
DA:61,0
DA:62,0
DA:63,0
DA:64,0
DA:65,0
DA:68,0
DA:69,0
DA:70,0
DA:71,0
DA:72,0
DA:75,0
DA:76,0
DA:77,0
DA:78,0
DA:79,0
DA:82,0
DA:83,0
DA:84,0
DA:85,0
DA:86,0
DA:89,0
DA:90,0
DA:91,0
DA:92,0
DA:93,0
DA:96,0
DA:97,0
DA:98,0
DA:99,0
DA:100,0
DA:103,0
DA:104,0
DA:105,0
DA:106,0
DA:107,0
DA:110,0
DA:111,0
DA:112,0
DA:113,0
DA:114,0
DA:117,0
DA:118,0
DA:119,0
DA:120,0
DA:121,0
DA:124,0
DA:125,0
DA:126,0
DA:127,0
DA:128,0
DA:131,0
DA:132,0
DA:133,0
DA:134,0
DA:135,0
DA:138,0
DA:139,0
DA:140,0
DA:141,0
DA:142,0
LF:100
LH:0
end_of_record
SF:lib/dart_impl/tw_groestlcoin_address_impl.dart
DA:5,0
DA:6,0
DA:7,0
DA:8,0
DA:12,0
DA:13,0
DA:17,0
DA:18,0
DA:22,0
DA:23,0
DA:24,0
DA:25,0
DA:29,0
DA:30,0
DA:33,0
DA:34,0
LF:16
LH:0
end_of_record
SF:lib/ffi_impl/tw_any_address.dart
DA:5,0
DA:9,0
DA:15,0
DA:16,0
DA:19,0
DA:23,0
DA:29,0
DA:30,0
DA:33,0
DA:37,0
DA:43,0
DA:44,0
DA:47,0
DA:51,0
DA:57,0
DA:58,0
DA:60,0
DA:63,0
DA:68,0
DA:69,0
DA:72,0
DA:75,0
DA:80,0
DA:81,0
DA:84,0
DA:87,0
DA:92,0
DA:93,0
DA:96,0
DA:99,0
DA:104,0
DA:105,0
LF:32
LH:0
end_of_record
SF:lib/ffi_impl/tw_public_key.dart
DA:8,0
DA:12,0
DA:18,0
DA:19,0
DA:21,0
DA:24,0
DA:29,0
DA:30,0
DA:32,0
DA:36,0
DA:42,0
DA:43,0
DA:45,0
DA:48,0
DA:53,0
DA:54,0
DA:56,0
DA:59,0
DA:64,0
DA:65,0
DA:67,0
DA:70,0
DA:75,0
DA:76,0
DA:78,0
DA:81,0
DA:86,0
DA:87,0
DA:89,0
DA:94,0
DA:101,0
DA:102,0
DA:104,0
DA:109,0
DA:116,0
DA:117,0
DA:119,0
DA:122,0
DA:127,0
DA:128,0
DA:130,0
DA:133,0
DA:138,0
DA:139,0
DA:141,0
DA:145,0
DA:151,0
DA:152,0
LF:48
LH:0
end_of_record
SF:lib/dart_impl/tw_hd_wallet_impl.dart
DA:4,0
DA:5,0
DA:6,0
DA:7,0
DA:8,0
DA:12,0
DA:13,0
DA:14,0
DA:15,0
DA:16,0
DA:17,0
DA:18,0
DA:22,0
DA:23,0
DA:24,0
DA:25,0
DA:26,0
DA:27,0
DA:31,0
DA:32,0
DA:34,0
DA:37,0
DA:38,0
DA:43,0
DA:44,0
DA:49,0
DA:50,0
DA:53,0
DA:54,0
DA:58,0
DA:59,0
DA:61,0
DA:62,0
DA:66,0
DA:67,0
DA:68,0
DA:71,0
DA:72,0
DA:75,0
DA:76,0
DA:78,0
LF:41
LH:0
end_of_record
SF:lib/ffi_impl/tw_groestlcoin_address.dart
DA:5,0
DA:9,0
DA:15,0
DA:16,0
DA:19,0
DA:22,0
DA:27,0
DA:28,0
DA:29,0
DA:32,0
DA:35,0
DA:40,0
DA:41,0
DA:42,0
DA:45,0
DA:49,0
DA:55,0
DA:56,0
DA:57,0
DA:59,0
DA:62,0
DA:67,0
DA:68,0
DA:71,0
DA:74,0
DA:79,0
DA:80,0
LF:27
LH:0
end_of_record
SF:lib/ffi_impl/tw_ethereum_abi.dart
DA:5,0
DA:8,0
DA:13,0
DA:14,0
DA:17,0
DA:21,0
DA:27,0
DA:28,0
DA:31,0
DA:35,0
DA:41,0
DA:42,0
DA:79,0
DA:82,0
DA:87,0
DA:88,0
LF:16
LH:0
end_of_record
SF:lib/dart_impl/tw_any_address_impl.dart
DA:4,0
DA:5,0
DA:6,0
DA:7,0
DA:11,0
DA:12,0
DA:13,0
DA:14,0
DA:18,0
DA:19,0
DA:23,0
DA:24,0
DA:26,0
DA:30,0
DA:31,0
DA:32,0
LF:16
LH:0
end_of_record
SF:lib/ffi_impl/tw_mnemonic.dart
DA:7,0
DA:10,0
DA:15,0
DA:16,0
DA:17,0
DA:18,0
DA:21,0
DA:24,0
DA:29,0
DA:30,0
DA:33,0
DA:36,0
DA:41,0
DA:42,0
LF:14
LH:0
end_of_record
SF:lib/ffi_impl/tw_bitcoin_sig_hash_type.dart
DA:12,0
DA:15,0
DA:23,0
DA:26,0
LF:4
LH:0
end_of_record
SF:lib/ffi_impl/tw_ethereum_abi_value.dart
DA:6,0
DA:9,0
DA:14,0
DA:15,0
DA:17,0
DA:20,0
DA:25,0
DA:26,0
DA:28,0
DA:31,0
DA:36,0
DA:37,0
DA:40,0
DA:43,0
DA:48,0
DA:49,0
DA:52,0
DA:55,0
DA:60,0
DA:61,0
DA:62,0
DA:65,0
DA:68,0
DA:73,0
DA:74,0
DA:75,0
DA:78,0
DA:81,0
DA:86,0
DA:87,0
DA:90,0
DA:93,0
DA:98,0
DA:99,0
DA:102,0
DA:105,0
DA:110,0
DA:111,0
DA:112,0
DA:115,0
DA:118,0
DA:123,0
DA:124,0
DA:125,0
DA:128,0
DA:132,0
DA:138,0
DA:139,0
DA:142,0
DA:146,0
DA:152,0
DA:153,0
LF:52
LH:0
end_of_record
SF:lib/dart_impl/tw_segwit_address_impl.dart
DA:5,0
DA:6,0
DA:7,0
DA:8,0
DA:12,0
DA:13,0
DA:17,0
DA:18,0
DA:22,0
DA:23,0
DA:24,0
DA:25,0
DA:29,0
DA:30,0
DA:33,0
DA:34,0
DA:37,0
DA:38,0
DA:41,0
DA:42,0
DA:43,0
LF:21
LH:0
end_of_record
SF:lib/ffi_impl/tw_string.dart
DA:5,1
DA:8,1
DA:13,4
DA:16,3
DA:19,0
DA:23,0
DA:29,0
DA:30,0
DA:33,0
DA:36,0
DA:41,0
DA:42,0
DA:45,0
DA:48,0
DA:53,0
DA:54,0
DA:57,0
DA:61,0
DA:67,0
DA:68,0
DA:71,0
DA:74,0
DA:79,0
DA:80,0
DA:83,0
DA:86,0
DA:91,0
DA:92,0
DA:95,0
DA:99,0
DA:105,0
DA:106,0
LF:32
LH:4
end_of_record
SF:lib/ffi_impl/tw_data.dart
DA:6,0
DA:10,0
DA:16,0
DA:17,0
DA:20,0
DA:23,0
DA:32,0
DA:35,0
DA:40,0
DA:41,0
DA:44,0
DA:47,0
DA:56,0
DA:59,0
DA:64,0
DA:65,0
DA:68,0
DA:71,0
DA:76,0
DA:77,0
DA:80,0
DA:84,0
DA:94,0
DA:98,0
DA:109,0
DA:115,0
DA:127,0
DA:133,0
DA:145,0
DA:150,0
DA:161,0
DA:165,0
DA:175,0
DA:179,0
DA:189,0
DA:192,0
DA:201,0
DA:204,0
DA:213,0
DA:216,0
DA:221,0
DA:222,0
DA:225,0
DA:229,0
LF:44
LH:0
end_of_record
SF:lib/ffi_impl/tw_hd_wallet.dart
DA:7,0
DA:10,0
DA:15,0
DA:16,0
DA:17,0
DA:18,0
DA:22,0
DA:26,0
DA:32,0
DA:33,0
DA:36,0
DA:40,0
DA:46,0
DA:47,0
DA:50,0
DA:54,0
DA:60,0
DA:61,0
DA:64,0
DA:67,0
DA:72,0
DA:73,0
DA:76,0
DA:79,0
DA:84,0
DA:85,0
DA:88,0
DA:91,0
DA:96,0
DA:97,0
DA:100,0
DA:104,0
DA:110,0
DA:111,0
DA:114,0
DA:118,0
DA:124,0
DA:125,0
DA:128,0
DA:132,0
DA:138,0
DA:139,0
DA:142,0
DA:147,0
DA:154,0
DA:155,0
DA:160,0
DA:167,0
DA:176,0
DA:177,0
DA:180,0
DA:186,0
DA:198,0
DA:204,0
DA:212,0
DA:213,0
DA:216,0
DA:221,0
DA:228,0
DA:229,0
DA:230,0
LF:61
LH:0
end_of_record
SF:lib/dart_impl/tw_hd_version_impl.dart
DA:5,0
DA:6,0
DA:9,0
DA:10,0
LF:4
LH:0
end_of_record
SF:lib/ffi_impl/tw_solana_address.dart
DA:7,0
DA:10,0
DA:15,0
DA:16,0
DA:18,0
DA:21,0
DA:26,0
DA:27,0
DA:30,0
DA:34,0
DA:40,0
DA:41,0
DA:44,0
DA:45,0
DA:49,0
DA:52,0
DA:57,0
DA:58,0
DA:60,0
DA:61,0
LF:20
LH:0
end_of_record
SF:lib/ffi_impl/tw_segwit_address.dart
DA:6,0
DA:10,0
DA:16,0
DA:17,0
DA:19,0
DA:20,0
DA:23,0
DA:26,0
DA:31,0
DA:32,0
DA:34,0
DA:35,0
DA:39,0
DA:42,0
DA:47,0
DA:48,0
DA:52,0
DA:56,0
DA:62,0
DA:63,0
DA:64,0
DA:66,0
DA:69,0
DA:74,0
DA:75,0
DA:78,0
DA:81,0
DA:86,0
DA:87,0
DA:89,0
DA:90,0
DA:94,0
DA:97,0
DA:102,0
DA:103,0
DA:106,0
DA:109,0
DA:114,0
DA:115,0
DA:118,0
LF:40
LH:0
end_of_record
SF:lib/dart_impl/tw_bitcoin_address.dart
DA:6,0
DA:7,0
DA:8,0
DA:9,0
DA:13,0
DA:14,0
DA:15,0
DA:16,0
DA:20,0
DA:21,0
DA:25,0
DA:26,0
DA:30,0
DA:31,0
DA:32,0
DA:33,0
DA:37,0
DA:38,0
DA:39,0
DA:40,0
DA:44,0
DA:45,0
DA:48,0
DA:49,0
DA:52,0
DA:53,0
DA:54,0
DA:57,0
DA:58,0
LF:29
LH:0
end_of_record
SF:lib/ffi_impl/tw_private_key.dart
DA:7,0
DA:8,0
DA:11,0
DA:12,0
DA:14,0
DA:17,0
DA:22,0
DA:23,0
DA:25,0
DA:28,0
DA:33,0
DA:34,0
DA:36,0
DA:39,0
DA:44,0
DA:45,0
DA:47,0
DA:51,0
DA:57,0
DA:58,0
DA:60,0
DA:63,0
DA:68,0
DA:69,0
DA:71,0
DA:75,0
DA:81,0
DA:82,0
DA:83,0
DA:86,0
DA:89,0
DA:99,0
DA:102,0
DA:111,0
DA:114,0
DA:124,0
DA:127,0
DA:137,0
DA:140,0
DA:151,0
DA:156,0
DA:167,0
DA:172,0
DA:179,0
DA:180,0
DA:183,0
DA:188,0
DA:199,0
DA:204,0
LF:49
LH:0
end_of_record
SF:lib/ffi_impl/tw_ripple_x_address.dart
DA:6,0
DA:10,0
DA:16,0
DA:17,0
DA:19,0
DA:20,0
DA:23,0
DA:26,0
DA:31,0
DA:32,0
DA:35,0
DA:39,0
DA:42,0
DA:47,0
DA:48,0
DA:51,0
DA:55,0
DA:59,0
DA:65,0
DA:66,0
DA:69,0
DA:70,0
DA:73,0
DA:76,0
DA:81,0
DA:82,0
DA:84,0
DA:85,0
DA:88,0
DA:91,0
DA:96,0
DA:97,0
DA:99,0
DA:100,0
DA:104,0
DA:107,0
DA:112,0
DA:113,0
DA:114,0
DA:115,0
LF:40
LH:0
end_of_record
SF:lib/dart_impl/tw_ethereum_abi_value_impl.dart
DA:5,0
DA:6,0
DA:7,0
DA:10,0
DA:11,0
DA:12,0
DA:15,0
DA:16,0
DA:17,0
DA:20,0
DA:21,0
DA:22,0
DA:23,0
DA:24,0
DA:27,0
DA:28,0
DA:29,0
DA:30,0
DA:31,0
DA:34,0
DA:35,0
DA:36,0
DA:37,0
DA:38,0
DA:41,0
DA:42,0
DA:43,0
DA:44,0
DA:45,0
DA:48,0
DA:49,0
DA:50,0
DA:51,0
DA:52,0
DA:55,0
DA:56,0
DA:57,0
DA:58,0
DA:59,0
DA:62,0
DA:63,0
DA:64,0
DA:65,0
DA:66,0
DA:69,0
DA:70,0
DA:71,0
DA:72,0
DA:73,0
DA:74,0
DA:75,0
DA:78,0
DA:79,0
DA:80,0
DA:81,0
DA:82,0
DA:83,0
DA:84,0
LF:58
LH:0
end_of_record
SF:lib/ffi_impl/tw_near_account.dart
DA:6,0
DA:9,0
DA:14,0
DA:15,0
DA:18,0
DA:21,0
DA:24,0
DA:35,0
DA:38,0
LF:9
LH:0
end_of_record
SF:lib/dart_impl/tw_private_key_impl.dart
DA:4,0
DA:5,0
DA:8,0
DA:9,0
DA:10,0
DA:13,0
DA:14,0
DA:17,0
DA:18,0
DA:21,0
DA:22,0
DA:25,0
DA:26,0
DA:29,0
DA:30,0
DA:33,0
DA:34,0
LF:17
LH:0
end_of_record
SF:lib/ffi_impl/tw_stored_key.dart
DA:7,0
DA:10,0
DA:15,0
DA:16,0
DA:19,0
DA:25,0
DA:33,0
DA:34,0
DA:37,0
DA:43,0
DA:51,0
DA:52,0
DA:55,0
DA:58,0
DA:63,0
DA:64,0
DA:67,0
DA:71,0
DA:77,0
DA:78,0
DA:80,0
DA:83,0
DA:88,0
DA:89,0
DA:93,0
DA:96,0
DA:101,0
DA:102,0
DA:104,0
DA:105,0
DA:108,0
DA:111,0
DA:116,0
DA:117,0
DA:118,0
DA:119,0
DA:122,0
DA:125,0
DA:130,0
DA:131,0
DA:133,0
DA:134,0
DA:137,0
DA:140,0
DA:145,0
DA:146,0
DA:148,0
DA:149,0
DA:153,0
DA:157,0
DA:163,0
DA:164,0
DA:167,0
DA:172,0
DA:179,0
DA:180,0
DA:183,0
DA:187,0
DA:193,0
DA:194,0
DA:197,0
DA:204,0
DA:213,0
DA:214,0
DA:218,0
DA:222,0
DA:228,0
DA:229,0
DA:230,0
DA:231,0
DA:234,0
DA:238,0
DA:244,0
DA:245,0
DA:247,0
DA:248,0
DA:252,0
DA:256,0
DA:262,0
DA:263,0
DA:265,0
DA:266,0
DA:270,0
DA:275,0
DA:282,0
DA:283,0
DA:285,0
DA:289,0
DA:295,0
DA:296,0
DA:299,0
DA:302,0
DA:307,0
DA:308,0
DA:310,0
DA:311,0
DA:317,0
DA:321,0
DA:327,0
DA:328,0
DA:330,0
DA:331,0
LF:102
LH:0
end_of_record
SF:lib/ffi_impl/tw_account.dart
DA:4,0
DA:10,0
DA:18,0
DA:19,0
DA:21,0
DA:24,0
DA:32,0
DA:35,0
DA:43,0
DA:46,0
DA:54,0
DA:57,0
DA:65,0
DA:68,0
LF:14
LH:0
end_of_record
SF:lib/ffi_impl/tw_bitcoin_script.dart
DA:5,0
DA:6,0
DA:9,0
DA:10,0
DA:13,0
DA:16,0
DA:21,0
DA:22,0
DA:24,0
DA:28,0
DA:34,0
DA:35,0
DA:38,0
DA:41,0
DA:46,0
DA:47,0
DA:49,0
DA:52,0
DA:57,0
DA:58,0
DA:60,0
DA:63,0
DA:68,0
DA:69,0
DA:71,0
DA:74,0
DA:79,0
DA:80,0
DA:82,0
DA:85,0
DA:90,0
DA:91,0
DA:94,0
DA:97,0
DA:102,0
DA:103,0
DA:106,0
DA:109,0
DA:114,0
DA:115,0
DA:116,0
DA:119,0
DA:122,0
DA:127,0
DA:128,0
DA:129,0
DA:132,0
DA:135,0
DA:140,0
DA:141,0
DA:143,0
DA:147,0
DA:153,0
DA:154,0
DA:159,0
DA:162,0
DA:167,0
DA:168,0
DA:173,0
DA:176,0
DA:181,0
DA:182,0
DA:183,0
DA:188,0
DA:191,0
DA:196,0
DA:197,0
DA:198,0
DA:203,0
DA:206,0
DA:211,0
DA:212,0
DA:213,0
DA:214,0
DA:219,0
DA:222,0
DA:227,0
DA:228,0
DA:229,0
DA:232,0
DA:235,0
DA:240,0
DA:241,0
DA:244,0
DA:247,0
DA:252,0
DA:253,0
DA:254,0
DA:258,0
DA:261,0
DA:266,0
DA:267,0
DA:268,0
DA:271,0
DA:274,0
DA:279,0
DA:280,0
DA:281,0
DA:284,0
DA:287,0
DA:292,0
DA:293,0
DA:294,0
DA:295,0
DA:298,0
DA:301,0
DA:306,0
DA:307,0
DA:308,0
DA:309,0
DA:312,0
DA:316,0
DA:322,0
DA:323,0
DA:324,0
DA:326,0
DA:329,0
DA:334,0
DA:335,0
LF:119
LH:0
end_of_record
SF:lib/ffi_impl/tw_bitcoin_address.dart
DA:5,0
DA:9,0
DA:15,0
DA:16,0
DA:19,0
DA:22,0
DA:27,0
DA:28,0
DA:31,0
DA:34,0
DA:39,0
DA:40,0
DA:43,0
DA:46,0
DA:51,0
DA:52,0
DA:55,0
DA:58,0
DA:63,0
DA:64,0
DA:67,0
DA:71,0
DA:77,0
DA:78,0
DA:79,0
DA:81,0
DA:84,0
DA:89,0
DA:90,0
DA:93,0
DA:96,0
DA:101,0
DA:102,0
DA:105,0
DA:108,0
DA:113,0
DA:114,0
DA:117,0
DA:120,0
DA:125,0
DA:126,0
LF:41
LH:0
end_of_record
SF:lib/dart_impl/tw_string_impl.dart
DA:5,1
DA:6,2
DA:9,0
DA:10,0
DA:13,0
DA:14,0
DA:17,0
DA:18,0
DA:21,0
DA:22,0
LF:10
LH:2
end_of_record
SF:lib/ffi_impl/tw_fio_account.dart
DA:5,0
DA:8,0
DA:13,0
DA:14,0
DA:16,0
DA:19,0
DA:24,0
DA:25,0
DA:28,0
DA:31,0
DA:36,0
DA:37,0
LF:12
LH:0
end_of_record
SF:lib/ffi_impl/tw_hd_version.dart
DA:36,0
DA:39,0
DA:44,0
DA:45,0
DA:47,0
DA:50,0
DA:55,0
DA:56,0
LF:8
LH:0
end_of_record
SF:lib/dart_impl/tw_base58_impl.dart
DA:4,0
DA:5,0
DA:6,0
DA:7,0
DA:8,0
DA:12,0
DA:13,0
DA:14,0
DA:15,0
DA:16,0
DA:20,0
DA:21,0
DA:22,0
DA:23,0
DA:26,0
DA:27,0
DA:31,0
DA:32,0
DA:33,0
DA:34,0
DA:37,0
DA:38,0
LF:22
LH:0
end_of_record
SF:lib/ffi_impl/tw_base_58.dart
DA:5,0
DA:8,0
DA:13,0
DA:14,0
DA:17,0
DA:20,0
DA:25,0
DA:26,0
DA:29,0
DA:32,0
DA:37,0
DA:38,0
DA:41,0
DA:44,0
DA:49,0
DA:50,0
LF:16
LH:0
end_of_record
SF:lib/dart_impl/tw_any_signer_impl.dart
DA:5,0
DA:6,0
DA:7,0
DA:8,0
DA:9,0
DA:12,0
DA:13,0
DA:14,0
DA:15,0
DA:16,0
DA:17,0
DA:18,0
DA:21,0
DA:22,0
DA:25,0
DA:26,0
DA:27,0
DA:28,0
DA:29,0
LF:19
LH:0
end_of_record
SF:lib/dart_impl/tw_bitcoin_script_impl.dart
DA:5,0
DA:6,0
DA:9,0
DA:10,0
DA:11,0
DA:12,0
DA:16,0
DA:17,0
DA:20,0
DA:21,0
DA:25,0
DA:26,0
DA:27,0
DA:28,0
DA:32,0
DA:33,0
DA:34,0
DA:35,0
DA:39,0
DA:40,0
DA:41,0
DA:42,0
DA:46,0
DA:47,0
DA:48,0
DA:49,0
DA:53,0
DA:54,0
DA:55,0
DA:56,0
DA:60,0
DA:61,0
DA:62,0
DA:63,0
DA:67,0
DA:68,0
DA:71,0
DA:72,0
DA:75,0
DA:76,0
DA:77,0
DA:80,0
DA:81,0
DA:82,0
DA:85,0
DA:86,0
DA:89,0
DA:90,0
DA:93,0
DA:94,0
DA:97,0
DA:98,0
DA:101,0
DA:102,0
DA:105,0
DA:106,0
DA:107,0
DA:110,0
DA:111,0
DA:112,0
DA:115,0
DA:116,0
DA:117,0
DA:120,0
DA:121,0
DA:122,0
DA:125,0
DA:126,0
DA:127,0
DA:130,0
DA:131,0
DA:132,0
LF:72
LH:0
end_of_record
SF:lib/ffi_impl/tw_coin_type.dart
DA:82,0
DA:85,0
DA:94,0
DA:97,0
DA:106,0
DA:109,0
DA:118,0
DA:121,0
DA:130,0
DA:133,0
DA:142,0
DA:146,0
DA:156,0
DA:159,0
DA:168,0
DA:172,0
DA:182,0
DA:186,0
DA:197,0
DA:200,0
DA:209,0
DA:212,0
DA:221,0
DA:224,0
DA:233,0
DA:236,0
DA:245,0
DA:248,0
LF:28
LH:0
end_of_record
SF:lib/ffi_impl/tw_any_signer.dart
DA:6,0
DA:10,0
DA:16,0
DA:17,0
DA:20,0
DA:25,0
DA:32,0
DA:33,0
DA:35,0
DA:38,0
DA:43,0
DA:44,0
DA:47,0
DA:51,0
DA:57,0
DA:58,0
LF:16
LH:0
end_of_record
SF:lib/extensions.dart
DA:7,0
DA:8,0
DA:9,0
DA:10,0
LF:4
LH:0
end_of_record
